{
  "RSpec": {
    "coverage": {
      "/home/nicholascalisto/projetos/om30_api/app/models/municipe_address.rb": {
        "lines": [
          1,
          1,
          null,
          1,
          null,
          1,
          null,
          1,
          0,
          null,
          null
        ]
      },
      "/home/nicholascalisto/projetos/om30_api/app/models/application_record.rb": {
        "lines": [
          1,
          1,
          null
        ]
      },
      "/home/nicholascalisto/projetos/om30_api/app/models/concerns/municipe_address_validations.rb": {
        "lines": [
          1,
          1,
          null,
          1,
          1,
          1,
          null,
          null
        ]
      },
      "/home/nicholascalisto/projetos/om30_api/spec/models/municipe_spec.rb": {
        "lines": [
          1,
          null,
          1,
          1,
          2,
          null,
          null,
          1,
          14,
          null,
          2,
          2,
          2,
          2,
          2,
          2,
          2,
          2,
          null,
          2,
          2,
          2,
          null,
          1,
          1,
          1,
          null,
          null,
          1,
          1,
          1,
          null,
          null,
          1,
          1,
          1,
          null,
          null,
          1,
          1,
          1,
          1,
          null,
          null,
          1,
          1,
          1,
          1,
          null,
          null,
          null
        ]
      },
      "/home/nicholascalisto/projetos/om30_api/app/models/municipe.rb": {
        "lines": [
          1,
          1,
          null,
          1,
          null,
          1,
          1,
          null,
          1,
          null,
          1,
          null,
          1,
          0,
          null,
          null,
          1,
          0,
          null,
          null,
          null
        ]
      },
      "/home/nicholascalisto/projetos/om30_api/app/models/concerns/municipe_validations.rb": {
        "lines": [
          1,
          1,
          null,
          1,
          1,
          1,
          1,
          1,
          null,
          1,
          1,
          1,
          null,
          1,
          null,
          1,
          1,
          1,
          null,
          1,
          1,
          null,
          null,
          1,
          null,
          1,
          27,
          null,
          25,
          1,
          1,
          null,
          null,
          null,
          1,
          27,
          null,
          25,
          0,
          0,
          null,
          null,
          null,
          1,
          27,
          null,
          26,
          0,
          0,
          null,
          null,
          26,
          0,
          0,
          null,
          null,
          26,
          2,
          null,
          null,
          26,
          0,
          null,
          null,
          null
        ]
      },
      "/home/nicholascalisto/projetos/om30_api/app/uploaders/photo_uploader.rb": {
        "lines": [
          1,
          1,
          null,
          1,
          null,
          1,
          null,
          1,
          15,
          null,
          null,
          1,
          0,
          null,
          null,
          1,
          1,
          1,
          1,
          null,
          null,
          1,
          1,
          1,
          1,
          null,
          null,
          1,
          0,
          null,
          null,
          1,
          66,
          null,
          null,
          1,
          44,
          0,
          0,
          0,
          0,
          0,
          0,
          0,
          null,
          null,
          null,
          null
        ]
      },
      "/home/nicholascalisto/projetos/om30_api/spec/factories/municipe_addresses.rb": {
        "lines": [
          1,
          1,
          1,
          2,
          3,
          3,
          3,
          3,
          3,
          3,
          null,
          null
        ]
      },
      "/home/nicholascalisto/projetos/om30_api/spec/factories/municipes.rb": {
        "lines": [
          1,
          1,
          21,
          21,
          21,
          21,
          21,
          5,
          7,
          21,
          null,
          null
        ]
      }
    },
    "timestamp": 1707766994
  }
}
