{
  "RSpec": {
    "coverage": {
      "/home/nicholascalisto/projetos/om30_api/app/models/municipe_address.rb": {
        "lines": [
          1,
          1,
          null,
          1,
          null,
          1,
          null
        ]
      },
      "/home/nicholascalisto/projetos/om30_api/app/models/application_record.rb": {
        "lines": [
          1,
          1,
          null
        ]
      },
      "/home/nicholascalisto/projetos/om30_api/app/models/concerns/municipe_address_validations.rb": {
        "lines": [
          1,
          1,
          null,
          1,
          1,
          1,
          null,
          null
        ]
      },
      "/home/nicholascalisto/projetos/om30_api/spec/models/municipe_spec.rb": {
        "lines": [
          1,
          null,
          1,
          1,
          2,
          null,
          null,
          1,
          12,
          null,
          2,
          2,
          2,
          2,
          2,
          2,
          null,
          2,
          2,
          2,
          null,
          1,
          1,
          1,
          null,
          null,
          1,
          1,
          1,
          null,
          null,
          1,
          1,
          1,
          null,
          null,
          1,
          1,
          1,
          1,
          null,
          null,
          1,
          1,
          1,
          1,
          null,
          null,
          null
        ]
      },
      "/home/nicholascalisto/projetos/om30_api/app/models/municipe.rb": {
        "lines": [
          1,
          1,
          null,
          1,
          null,
          1,
          null,
          1,
          null
        ]
      },
      "/home/nicholascalisto/projetos/om30_api/app/models/concerns/municipe_validations.rb": {
        "lines": [
          1,
          1,
          null,
          1,
          1,
          1,
          1,
          1,
          null,
          1,
          1,
          null,
          1,
          null,
          1,
          1,
          1,
          null,
          1,
          null,
          null,
          1,
          null,
          1,
          23,
          null,
          21,
          1,
          1,
          null,
          null,
          null,
          1,
          23,
          null,
          21,
          0,
          0,
          null,
          null,
          null,
          1,
          23,
          null,
          22,
          0,
          0,
          null,
          null,
          22,
          0,
          0,
          null,
          null,
          22,
          2,
          null,
          null,
          null
        ]
      },
      "/home/nicholascalisto/projetos/om30_api/spec/factories/municipe_addresses.rb": {
        "lines": [
          1,
          1,
          1,
          2,
          3,
          3,
          3,
          3,
          3,
          3,
          null,
          null
        ]
      },
      "/home/nicholascalisto/projetos/om30_api/spec/factories/municipes.rb": {
        "lines": [
          1,
          1,
          19,
          19,
          19,
          19,
          5,
          7,
          null,
          null
        ]
      }
    },
    "timestamp": 1707591984
  }
}
